rm -f results.xml
"make" -f Makefile results.xml
make[1]: Entering directory '/home/kali/riscv/beq/tb/controlLogic'
make -C sim_build  -f Vtop.mk
make[2]: Entering directory '/home/kali/riscv/beq/tb/controlLogic/sim_build'
ccache g++  -I.  -MMD -I/usr/local/share/verilator/include -I/usr/local/share/verilator/include/vltstd -DVERILATOR=1 -DVM_COVERAGE=0 -DVM_SC=0 -DVM_TIMING=0 -DVM_TRACE=1 -DVM_TRACE_FST=0 -DVM_TRACE_VCD=1 -DVM_TRACE_SAIF=0 -faligned-new -fcf-protection=none -Wno-bool-operation -Wno-int-in-bool-context -Wno-shadow -Wno-sign-compare -Wno-subobject-linkage -Wno-tautological-compare -Wno-uninitialized -Wno-unused-but-set-parameter -Wno-unused-but-set-variable -Wno-unused-parameter -Wno-unused-variable      -Os  -c -o verilator.o /home/kali/cocotb_venv/lib/python3.12/site-packages/cocotb/share/lib/verilator/verilator.cpp
ccache g++ -Os  -I.  -MMD -I/usr/local/share/verilator/include -I/usr/local/share/verilator/include/vltstd -DVERILATOR=1 -DVM_COVERAGE=0 -DVM_SC=0 -DVM_TIMING=0 -DVM_TRACE=1 -DVM_TRACE_FST=0 -DVM_TRACE_VCD=1 -DVM_TRACE_SAIF=0 -faligned-new -fcf-protection=none -Wno-bool-operation -Wno-int-in-bool-context -Wno-shadow -Wno-sign-compare -Wno-subobject-linkage -Wno-tautological-compare -Wno-uninitialized -Wno-unused-but-set-parameter -Wno-unused-but-set-variable -Wno-unused-parameter -Wno-unused-variable      -c -o verilated.o /usr/local/share/verilator/include/verilated.cpp
ccache g++ -Os  -I.  -MMD -I/usr/local/share/verilator/include -I/usr/local/share/verilator/include/vltstd -DVERILATOR=1 -DVM_COVERAGE=0 -DVM_SC=0 -DVM_TIMING=0 -DVM_TRACE=1 -DVM_TRACE_FST=0 -DVM_TRACE_VCD=1 -DVM_TRACE_SAIF=0 -faligned-new -fcf-protection=none -Wno-bool-operation -Wno-int-in-bool-context -Wno-shadow -Wno-sign-compare -Wno-subobject-linkage -Wno-tautological-compare -Wno-uninitialized -Wno-unused-but-set-parameter -Wno-unused-but-set-variable -Wno-unused-parameter -Wno-unused-variable      -c -o verilated_dpi.o /usr/local/share/verilator/include/verilated_dpi.cpp
ccache g++ -Os  -I.  -MMD -I/usr/local/share/verilator/include -I/usr/local/share/verilator/include/vltstd -DVERILATOR=1 -DVM_COVERAGE=0 -DVM_SC=0 -DVM_TIMING=0 -DVM_TRACE=1 -DVM_TRACE_FST=0 -DVM_TRACE_VCD=1 -DVM_TRACE_SAIF=0 -faligned-new -fcf-protection=none -Wno-bool-operation -Wno-int-in-bool-context -Wno-shadow -Wno-sign-compare -Wno-subobject-linkage -Wno-tautological-compare -Wno-uninitialized -Wno-unused-but-set-parameter -Wno-unused-but-set-variable -Wno-unused-parameter -Wno-unused-variable      -c -o verilated_vpi.o /usr/local/share/verilator/include/verilated_vpi.cpp
ccache g++ -Os  -I.  -MMD -I/usr/local/share/verilator/include -I/usr/local/share/verilator/include/vltstd -DVERILATOR=1 -DVM_COVERAGE=0 -DVM_SC=0 -DVM_TIMING=0 -DVM_TRACE=1 -DVM_TRACE_FST=0 -DVM_TRACE_VCD=1 -DVM_TRACE_SAIF=0 -faligned-new -fcf-protection=none -Wno-bool-operation -Wno-int-in-bool-context -Wno-shadow -Wno-sign-compare -Wno-subobject-linkage -Wno-tautological-compare -Wno-uninitialized -Wno-unused-but-set-parameter -Wno-unused-but-set-variable -Wno-unused-parameter -Wno-unused-variable      -c -o verilated_vcd_c.o /usr/local/share/verilator/include/verilated_vcd_c.cpp
ccache g++ -Os  -I.  -MMD -I/usr/local/share/verilator/include -I/usr/local/share/verilator/include/vltstd -DVERILATOR=1 -DVM_COVERAGE=0 -DVM_SC=0 -DVM_TIMING=0 -DVM_TRACE=1 -DVM_TRACE_FST=0 -DVM_TRACE_VCD=1 -DVM_TRACE_SAIF=0 -faligned-new -fcf-protection=none -Wno-bool-operation -Wno-int-in-bool-context -Wno-shadow -Wno-sign-compare -Wno-subobject-linkage -Wno-tautological-compare -Wno-uninitialized -Wno-unused-but-set-parameter -Wno-unused-but-set-variable -Wno-unused-parameter -Wno-unused-variable      -c -o verilated_threads.o /usr/local/share/verilator/include/verilated_threads.cpp
python3 /usr/local/share/verilator/bin/verilator_includer -DVL_INCLUDE_OPT=include Vtop.cpp Vtop___024root__0.cpp Vtop__Dpi.cpp Vtop__Trace__0.cpp Vtop__ConstPool__0__Slow.cpp Vtop___024root__Slow.cpp Vtop___024root__0__Slow.cpp Vtop__Syms__Slow.cpp Vtop__Trace__0__Slow.cpp Vtop__TraceDecls__0__Slow.cpp > Vtop__ALL.cpp
ccache g++ -Os  -I.  -MMD -I/usr/local/share/verilator/include -I/usr/local/share/verilator/include/vltstd -DVERILATOR=1 -DVM_COVERAGE=0 -DVM_SC=0 -DVM_TIMING=0 -DVM_TRACE=1 -DVM_TRACE_FST=0 -DVM_TRACE_VCD=1 -DVM_TRACE_SAIF=0 -faligned-new -fcf-protection=none -Wno-bool-operation -Wno-int-in-bool-context -Wno-shadow -Wno-sign-compare -Wno-subobject-linkage -Wno-tautological-compare -Wno-uninitialized -Wno-unused-but-set-parameter -Wno-unused-but-set-variable -Wno-unused-parameter -Wno-unused-variable      -c -o Vtop__ALL.o Vtop__ALL.cpp
g++    verilator.o verilated.o verilated_dpi.o verilated_vpi.o verilated_vcd_c.o verilated_threads.o Vtop__ALL.a   -Wl,-rpath,/home/kali/cocotb_venv/lib/python3.12/site-packages/cocotb/libs -L/home/kali/cocotb_venv/lib/python3.12/site-packages/cocotb/libs -lcocotbvpi_verilator  -pthread -lpthread -latomic   -o Vtop
rm Vtop__ALL.verilator_deplist.tmp
make[2]: Leaving directory '/home/kali/riscv/beq/tb/controlLogic/sim_build'
rm -f results.xml
COCOTB_TEST_MODULES=controlTest COCOTB_TESTCASE= COCOTB_TEST_FILTER= COCOTB_TOPLEVEL=control TOPLEVEL_LANG=verilog \
         sim_build/Vtop  --trace --trace-structs   
     -.--ns INFO     gpi                                ..mbed/gpi_embed.cpp:93   in _embed_init_python              Using Python 3.12.4 interpreter at /home/kali/cocotb_venv/bin/python3
     -.--ns INFO     gpi                                ../gpi/GpiCommon.cpp:79   in gpi_print_registered_impl       VPI registered
     0.00ns INFO     cocotb                             Running on Verilator version 5.045 devel
     0.00ns INFO     cocotb                             Seeding Python random module with 1768196402
     0.00ns INFO     cocotb                             Initialized cocotb v2.0.1 from /home/kali/cocotb_venv/lib/python3.12/site-packages/cocotb
     0.00ns INFO     cocotb                             Running tests
     0.00ns INFO     cocotb.regression                  running controlTest.lw_control_test (1/6)
     0.00ns WARNING  py.warnings                        /home/kali/riscv/beq/tb/controlLogic/controlTest.py:21: DeprecationWarning: The 'units' argument has been renamed to 'unit'.
                                                          await Timer(1, units="ns")
     1.00ns WARNING  py.warnings                        /home/kali/riscv/beq/tb/controlLogic/controlTest.py:23: DeprecationWarning: The 'units' argument has been renamed to 'unit'.
                                                          await Timer(1, units="ns")
     2.00ns INFO     cocotb.regression                  controlTest.lw_control_test passed
     2.00ns INFO     cocotb.regression                  running controlTest.sw_control_test (2/6)
     2.00ns WARNING  py.warnings                        /home/kali/riscv/beq/tb/controlLogic/controlTest.py:38: DeprecationWarning: The 'units' argument has been renamed to 'unit'.
                                                          await Timer(10, units="ns")
    12.00ns WARNING  py.warnings                        /home/kali/riscv/beq/tb/controlLogic/controlTest.py:40: DeprecationWarning: The 'units' argument has been renamed to 'unit'.
                                                          await Timer(1, units="ns")
    13.00ns INFO     cocotb.regression                  controlTest.sw_control_test passed
    13.00ns INFO     cocotb.regression                  running controlTest.add_control_test (3/6)
    13.00ns WARNING  py.warnings                        /home/kali/riscv/beq/tb/controlLogic/controlTest.py:53: DeprecationWarning: The 'units' argument has been renamed to 'unit'.
                                                          await Timer(10, units="ns")
    23.00ns WARNING  py.warnings                        /home/kali/riscv/beq/tb/controlLogic/controlTest.py:57: DeprecationWarning: The 'units' argument has been renamed to 'unit'.
                                                          await Timer(1, units="ns")
    24.00ns INFO     cocotb.regression                  controlTest.add_control_test passed
    24.00ns INFO     cocotb.regression                  running controlTest.and_control_test (4/6)
    24.00ns WARNING  py.warnings                        /home/kali/riscv/beq/tb/controlLogic/controlTest.py:9: DeprecationWarning: The 'units' argument has been renamed to 'unit'.
                                                          await Timer(1, units="ns")
    25.00ns WARNING  py.warnings                        /home/kali/riscv/beq/tb/controlLogic/controlTest.py:15: DeprecationWarning: The 'units' argument has been renamed to 'unit'.
                                                          await Timer(1, units="ns")
    26.00ns WARNING  py.warnings                        /home/kali/riscv/beq/tb/controlLogic/controlTest.py:71: DeprecationWarning: The 'units' argument has been renamed to 'unit'.
                                                          await Timer(10, units="ns")
    36.00ns WARNING  py.warnings                        /home/kali/riscv/beq/tb/controlLogic/controlTest.py:75: DeprecationWarning: The 'units' argument has been renamed to 'unit'.
                                                          await Timer(1, units="ns")
    37.00ns INFO     cocotb.regression                  controlTest.and_control_test passed
    37.00ns INFO     cocotb.regression                  running controlTest.or_control_test (5/6)
    39.00ns WARNING  py.warnings                        /home/kali/riscv/beq/tb/controlLogic/controlTest.py:88: DeprecationWarning: The 'units' argument has been renamed to 'unit'.
                                                          await Timer(10, units="ns")
    49.00ns WARNING  py.warnings                        /home/kali/riscv/beq/tb/controlLogic/controlTest.py:91: DeprecationWarning: The 'units' argument has been renamed to 'unit'.
                                                          await Timer(1, units="ns")
    50.00ns INFO     cocotb.regression                  controlTest.or_control_test passed
    50.00ns INFO     cocotb.regression                  running controlTest.beq_control_test (6/6)
    52.01ns WARNING  py.warnings                        /home/kali/riscv/beq/tb/controlLogic/controlTest.py:103: DeprecationWarning: The 'units' argument has been renamed to 'unit'.
                                                          await Timer(10, units="ns")
    62.01ns WARNING  py.warnings                        /home/kali/riscv/beq/tb/controlLogic/controlTest.py:107: DeprecationWarning: The 'units' argument has been renamed to 'unit'.
                                                          await Timer(1, units="ns")
    63.01ns WARNING  py.warnings                        /home/kali/riscv/beq/tb/controlLogic/controlTest.py:118: DeprecationWarning: The 'units' argument has been renamed to 'unit'.
                                                          await Timer(3, units="ns")
    66.00ns WARNING  py.warnings                        /home/kali/riscv/beq/tb/controlLogic/controlTest.py:120: DeprecationWarning: The 'units' argument has been renamed to 'unit'.
                                                          await Timer(1, units="ns")
    67.00ns INFO     cocotb.regression                  controlTest.beq_control_test passed
    67.00ns INFO     cocotb.regression                  **************************************************************************************
                                                        ** TEST                          STATUS  SIM TIME (ns)  REAL TIME (s)  RATIO (ns/s) **
                                                        **************************************************************************************
                                                        ** controlTest.lw_control_test    PASS           2.00           0.00       1917.40  **
                                                        ** controlTest.sw_control_test    PASS          11.00           0.00      38288.25  **
                                                        ** controlTest.add_control_test   PASS          11.00           0.00      49716.97  **
                                                        ** controlTest.and_control_test   PASS          13.00           0.00      34185.55  **
                                                        ** controlTest.or_control_test    PASS          13.00           0.00      50533.78  **
                                                        ** controlTest.beq_control_test   PASS          17.00           0.00      43057.47  **
                                                        **************************************************************************************
                                                        ** TESTS=6 PASS=6 FAIL=0 SKIP=0                 67.00           0.01      11279.02  **
                                                        **************************************************************************************
- :0: Verilog $finish
make[1]: Leaving directory '/home/kali/riscv/beq/tb/controlLogic'
